This file contains any messages produced by compilers while
running configure, to aid debugging if configure makes a mistake.

It was created by CUnit configure 2.1-3, which was
generated by GNU Autoconf 2.69.  Invocation command line was

  $ ./configure 

## --------- ##
## Platform. ##
## --------- ##

hostname = Sean
uname -m = x86_64
uname -r = 2.11.1(0.329/5/3)
uname -s = CYGWIN_NT-10.0
uname -v = 2018-09-05 10:24

/usr/bin/uname -p = unknown
/bin/uname -X     = unknown

/bin/arch              = x86_64
/usr/bin/arch -k       = unknown
/usr/convex/getsysinfo = unknown
/usr/bin/hostinfo      = unknown
/bin/machine           = unknown
/usr/bin/oslevel       = unknown
/bin/universe          = unknown

PATH: /usr/local/bin
PATH: /usr/bin
PATH: /cygdrive/c/ProgramData/Oracle/Java/javapath
PATH: /cygdrive/c/Program Files (x86)/Intel/iCLS Client
PATH: /cygdrive/c/Program Files/Intel/iCLS Client
PATH: /cygdrive/c/WINDOWS/system32
PATH: /cygdrive/c/WINDOWS
PATH: /cygdrive/c/WINDOWS/System32/Wbem
PATH: /cygdrive/c/WINDOWS/System32/WindowsPowerShell/v1.0
PATH: /cygdrive/c/Program Files/Intel/Intel(R) Management Engine Components/DAL
PATH: /cygdrive/c/Program Files (x86)/Intel/Intel(R) Management Engine Components/DAL
PATH: /cygdrive/c/Program Files/Intel/Intel(R) Management Engine Components/IPT
PATH: /cygdrive/c/Program Files (x86)/Intel/Intel(R) Management Engine Components/IPT
PATH: /cygdrive/c/Program Files/MATLAB/R2018b/bin
PATH: /cygdrive/c/Program Files/MATLAB/R2015a/runtime/win64
PATH: /cygdrive/c/Program Files/MATLAB/R2015a/bin
PATH: /cygdrive/c/Program Files/TortoiseSVN/bin
PATH: /cygdrive/c/Strawberry/perl/bin
PATH: /cygdrive/c/Strawberry/perl/site/bin
PATH: /cygdrive/c/Strawberry/c/bin
PATH: /cygdrive/c/Program Files (x86)/Skype/Phone
PATH: /cygdrive/c/Program Files/doxygen/bin
PATH: /cygdrive/c/WINDOWS/System32/OpenSSH
PATH: /cygdrive/c/Program Files/Intel/WiFi/bin
PATH: /cygdrive/c/Program Files/Common Files/Intel/WirelessCommon
PATH: /cygdrive/c/Program Files/Git/cmd
PATH: /cygdrive/c/OrCAD/OrCAD_16.6_Lite/tools/pcb/bin
PATH: /cygdrive/c/OrCAD/OrCAD_16.6_Lite/tools/fet/bin
PATH: /cygdrive/c/OrCAD/OrCAD_16.6_Lite/OpenAccess/bin/win32/opt
PATH: /cygdrive/c/OrCAD/OrCAD_16.6_Lite/tools/bin
PATH: /cygdrive/c/OrCAD/OrCAD_16.6_Lite/tools/Capture
PATH: /cygdrive/c/OrCAD/OrCAD_16.6_Lite/tools/PSpice
PATH: /cygdrive/c/Modeltech_pe_edu_10.4a/win32pe_edu
PATH: /cygdrive/c/Users/Sean/AppData/Local/Microsoft/WindowsApps


## ----------- ##
## Core tests. ##
## ----------- ##

configure:2291: checking for a BSD-compatible install
configure:2359: result: /usr/bin/install -c
configure:2370: checking whether build environment is sane
configure:2425: result: yes
configure:2576: checking for a thread-safe mkdir -p
configure:2615: result: /usr/bin/mkdir -p
configure:2622: checking for gawk
configure:2638: found /usr/bin/gawk
configure:2649: result: gawk
configure:2660: checking whether make sets $(MAKE)
configure:2682: result: yes
configure:3022: checking for gcc
configure:3038: found /usr/bin/gcc
configure:3049: result: gcc
configure:3278: checking for C compiler version
configure:3287: gcc --version >&5
gcc (GCC) 7.3.0
Copyright (C) 2017 Free Software Foundation, Inc.
This is free software; see the source for copying conditions.  There is NO
warranty; not even for MERCHANTABILITY or FITNESS FOR A PARTICULAR PURPOSE.

configure:3298: $? = 0
configure:3287: gcc -v >&5
Using built-in specs.
COLLECT_GCC=gcc
COLLECT_LTO_WRAPPER=/usr/lib/gcc/x86_64-pc-cygwin/7.3.0/lto-wrapper.exe
Target: x86_64-pc-cygwin
Configured with: /cygdrive/i/szsz/tmpp/gcc/gcc-7.3.0-3.x86_64/src/gcc-7.3.0/configure --srcdir=/cygdrive/i/szsz/tmpp/gcc/gcc-7.3.0-3.x86_64/src/gcc-7.3.0 --prefix=/usr --exec-prefix=/usr --localstatedir=/var --sysconfdir=/etc --docdir=/usr/share/doc/gcc --htmldir=/usr/share/doc/gcc/html -C --build=x86_64-pc-cygwin --host=x86_64-pc-cygwin --target=x86_64-pc-cygwin --without-libiconv-prefix --without-libintl-prefix --libexecdir=/usr/lib --enable-shared --enable-shared-libgcc --enable-static --enable-version-specific-runtime-libs --enable-bootstrap --enable-__cxa_atexit --with-dwarf2 --with-tune=generic --enable-languages=ada,c,c++,fortran,lto,objc,obj-c++ --enable-graphite --enable-threads=posix --enable-libatomic --enable-libcilkrts --enable-libgomp --enable-libitm --enable-libquadmath --enable-libquadmath-support --disable-libssp --enable-libada --disable-symvers --with-gnu-ld --with-gnu-as --with-cloog-include=/usr/include/cloog-isl --without-libiconv-prefix --without-libintl-prefix --with-system-zlib --enable-linker-build-id --with-default-libstdcxx-abi=gcc4-compatible --enable-libstdcxx-filesystem-ts
Thread model: posix
gcc version 7.3.0 (GCC) 
configure:3298: $? = 0
configure:3287: gcc -V >&5
gcc: error: unrecognized command line option '-V'
gcc: fatal error: no input files
compilation terminated.
configure:3298: $? = 1
configure:3287: gcc -qversion >&5
gcc: error: unrecognized command line option '-qversion'; did you mean '--version'?
gcc: fatal error: no input files
compilation terminated.
configure:3298: $? = 1
configure:3318: checking whether the C compiler works
configure:3340: gcc  -DRELEASE=@RELEASE@ -Wall -W -pedantic -Wshadow -ansi -I/ECEN5813/Project2/CUnit/CUnit-2.1-3/CUnit/Headers -std=c99   -L/ECEN5813/Project2/CUnit/CUnit-2.1-3/CUnit/Sources conftest.c  >&5
configure:3344: $? = 0
configure:3392: result: yes
configure:3395: checking for C compiler default output file name
configure:3397: result: a.exe
configure:3403: checking for suffix of executables
configure:3410: gcc -o conftest.exe  -DRELEASE=@RELEASE@ -Wall -W -pedantic -Wshadow -ansi -I/ECEN5813/Project2/CUnit/CUnit-2.1-3/CUnit/Headers -std=c99   -L/ECEN5813/Project2/CUnit/CUnit-2.1-3/CUnit/Sources conftest.c  >&5
configure:3414: $? = 0
configure:3436: result: .exe
configure:3458: checking whether we are cross compiling
configure:3466: gcc -o conftest.exe  -DRELEASE=@RELEASE@ -Wall -W -pedantic -Wshadow -ansi -I/ECEN5813/Project2/CUnit/CUnit-2.1-3/CUnit/Headers -std=c99   -L/ECEN5813/Project2/CUnit/CUnit-2.1-3/CUnit/Sources conftest.c  >&5
configure:3470: $? = 0
configure:3477: ./conftest.exe
configure:3481: $? = 0
configure:3496: result: no
configure:3501: checking for suffix of object files
configure:3523: gcc -c  -DRELEASE=@RELEASE@ -Wall -W -pedantic -Wshadow -ansi -I/ECEN5813/Project2/CUnit/CUnit-2.1-3/CUnit/Headers -std=c99  conftest.c >&5
configure:3527: $? = 0
configure:3548: result: o
configure:3552: checking whether we are using the GNU C compiler
configure:3571: gcc -c  -DRELEASE=@RELEASE@ -Wall -W -pedantic -Wshadow -ansi -I/ECEN5813/Project2/CUnit/CUnit-2.1-3/CUnit/Headers -std=c99  conftest.c >&5
configure:3571: $? = 0
configure:3580: result: yes
configure:3589: checking whether gcc accepts -g
configure:3609: gcc -c -g  conftest.c >&5
configure:3609: $? = 0
configure:3650: result: yes
configure:3667: checking for gcc option to accept ISO C89
configure:3730: gcc  -c  -DRELEASE=@RELEASE@ -Wall -W -pedantic -Wshadow -ansi -I/ECEN5813/Project2/CUnit/CUnit-2.1-3/CUnit/Headers -std=c99  conftest.c >&5
configure:3730: $? = 0
configure:3743: result: none needed
configure:3774: checking for style of include used by make
configure:3802: result: GNU
configure:3828: checking dependency style of gcc
configure:3939: result: gcc3
configure:3955: checking whether make sets $(MAKE)
configure:3977: result: yes
configure:4015: checking build system type
configure:4029: result: x86_64-unknown-cygwin
configure:4049: checking host system type
configure:4062: result: x86_64-unknown-cygwin
configure:4103: checking how to print strings
configure:4130: result: printf
configure:4151: checking for a sed that does not truncate output
configure:4215: result: /usr/bin/sed
configure:4233: checking for grep that handles long lines and -e
configure:4291: result: /usr/bin/grep
configure:4296: checking for egrep
configure:4358: result: /usr/bin/grep -E
configure:4363: checking for fgrep
configure:4425: result: /usr/bin/grep -F
configure:4460: checking for ld used by gcc
configure:4527: result: /usr/x86_64-pc-cygwin/bin/ld.exe
configure:4534: checking if the linker (/usr/x86_64-pc-cygwin/bin/ld.exe) is GNU ld
configure:4549: result: yes
configure:4561: checking for BSD- or MS-compatible name lister (nm)
configure:4615: result: /usr/bin/nm -B
configure:4745: checking the name lister (/usr/bin/nm -B) interface
configure:4752: gcc -c  -DRELEASE=@RELEASE@ -Wall -W -pedantic -Wshadow -ansi -I/ECEN5813/Project2/CUnit/CUnit-2.1-3/CUnit/Headers -std=c99  conftest.c >&5
configure:4755: /usr/bin/nm -B "conftest.o"
configure:4758: output
0000000000000000 b .bss
0000000000000000 d .data
0000000000000000 r .rdata$zzz
0000000000000000 t .text
0000000000000000 B some_variable
configure:4765: result: BSD nm
configure:4768: checking whether ln -s works
configure:4772: result: yes
configure:4780: checking the maximum length of command line arguments
configure:4911: result: 8192
configure:4959: checking how to convert x86_64-unknown-cygwin file names to x86_64-unknown-cygwin format
configure:4999: result: func_convert_file_noop
configure:5006: checking how to convert x86_64-unknown-cygwin file names to toolchain format
configure:5026: result: func_convert_file_noop
configure:5033: checking for /usr/x86_64-pc-cygwin/bin/ld.exe option to reload object files
configure:5040: result: -r
configure:5114: checking for objdump
configure:5130: found /usr/bin/objdump
configure:5141: result: objdump
configure:5173: checking how to recognize dependent libraries
configure:5373: result: file_magic ^x86 archive import|^x86 DLL
configure:5458: checking for dlltool
configure:5474: found /usr/bin/dlltool
configure:5485: result: dlltool
configure:5518: checking how to associate runtime and link libraries
configure:5545: result: func_cygming_dll_for_implib
configure:5606: checking for ar
configure:5622: found /usr/bin/ar
configure:5633: result: ar
configure:5670: checking for archiver @FILE support
configure:5687: gcc -c  -DRELEASE=@RELEASE@ -Wall -W -pedantic -Wshadow -ansi -I/ECEN5813/Project2/CUnit/CUnit-2.1-3/CUnit/Headers -std=c99  conftest.c >&5
configure:5687: $? = 0
configure:5690: ar cru libconftest.a @conftest.lst >&5
configure:5693: $? = 0
configure:5698: ar cru libconftest.a @conftest.lst >&5
ar: conftest.o: No such file or directory
configure:5701: $? = 1
configure:5713: result: @
configure:5771: checking for strip
configure:5787: found /usr/bin/strip
configure:5798: result: strip
configure:5870: checking for ranlib
configure:5886: found /usr/bin/ranlib
configure:5897: result: ranlib
configure:5999: checking command to parse /usr/bin/nm -B output from gcc object
configure:6152: gcc -c  -DRELEASE=@RELEASE@ -Wall -W -pedantic -Wshadow -ansi -I/ECEN5813/Project2/CUnit/CUnit-2.1-3/CUnit/Headers -std=c99  conftest.c >&5
configure:6155: $? = 0
configure:6159: /usr/bin/nm -B conftest.o \| sed -n -e 's/^.*[ ]\([ABCDGIRSTW][ABCDGIRSTW]*\)[ ][ ]*\([_A-Za-z][_A-Za-z0-9]*\)$/\1 \2 \2/p' | sed '/ __gnu_lto/d' \> conftest.nm
configure:6162: $? = 0
configure:6228: gcc -o conftest.exe  -DRELEASE=@RELEASE@ -Wall -W -pedantic -Wshadow -ansi -I/ECEN5813/Project2/CUnit/CUnit-2.1-3/CUnit/Headers -std=c99   -L/ECEN5813/Project2/CUnit/CUnit-2.1-3/CUnit/Sources conftest.c conftstm.o >&5
conftest.c:29:20: warning: ISO C forbids conversion of function pointer to object pointer type [-Wpedantic]
   {"nm_test_func", (void *) &nm_test_func},
                    ^
configure:6231: $? = 0
configure:6269: result: ok
configure:6316: checking for sysroot
configure:6346: result: no
configure:6353: checking for a working dd
configure:6391: result: /usr/bin/dd
configure:6395: checking how to truncate binary pipes
configure:6410: result: /usr/bin/dd bs=4096 count=1
configure:6739: checking for mt
configure:6769: result: no
configure:6789: checking if : is a manifest tool
configure:6795: : '-?'
configure:6803: result: no
configure:7480: checking how to run the C preprocessor
configure:7511: gcc -E  conftest.c
configure:7511: $? = 0
configure:7525: gcc -E  conftest.c
conftest.c:11:10: fatal error: ac_nonexistent.h: No such file or directory
 #include <ac_nonexistent.h>
          ^~~~~~~~~~~~~~~~~~
compilation terminated.
configure:7525: $? = 1
configure: failed program was:
| /* confdefs.h */
| #define PACKAGE_NAME "CUnit"
| #define PACKAGE_TARNAME "cunit"
| #define PACKAGE_VERSION "2.1-3"
| #define PACKAGE_STRING "CUnit 2.1-3"
| #define PACKAGE_BUGREPORT ""
| #define PACKAGE_URL ""
| #define PACKAGE "CUnit"
| #define VERSION "2.1-3"
| /* end confdefs.h.  */
| #include <ac_nonexistent.h>
configure:7550: result: gcc -E
configure:7570: gcc -E  conftest.c
configure:7570: $? = 0
configure:7584: gcc -E  conftest.c
conftest.c:11:10: fatal error: ac_nonexistent.h: No such file or directory
 #include <ac_nonexistent.h>
          ^~~~~~~~~~~~~~~~~~
compilation terminated.
configure:7584: $? = 1
configure: failed program was:
| /* confdefs.h */
| #define PACKAGE_NAME "CUnit"
| #define PACKAGE_TARNAME "cunit"
| #define PACKAGE_VERSION "2.1-3"
| #define PACKAGE_STRING "CUnit 2.1-3"
| #define PACKAGE_BUGREPORT ""
| #define PACKAGE_URL ""
| #define PACKAGE "CUnit"
| #define VERSION "2.1-3"
| /* end confdefs.h.  */
| #include <ac_nonexistent.h>
configure:7613: checking for ANSI C header files
configure:7633: gcc -c  -DRELEASE=@RELEASE@ -Wall -W -pedantic -Wshadow -ansi -I/ECEN5813/Project2/CUnit/CUnit-2.1-3/CUnit/Headers -std=c99  conftest.c >&5
configure:7633: $? = 0
configure:7706: gcc -o conftest.exe  -DRELEASE=@RELEASE@ -Wall -W -pedantic -Wshadow -ansi -I/ECEN5813/Project2/CUnit/CUnit-2.1-3/CUnit/Headers -std=c99   -L/ECEN5813/Project2/CUnit/CUnit-2.1-3/CUnit/Sources conftest.c  >&5
configure:7706: $? = 0
configure:7706: ./conftest.exe
configure:7706: $? = 0
configure:7717: result: yes
configure:7730: checking for sys/types.h
configure:7730: gcc -c  -DRELEASE=@RELEASE@ -Wall -W -pedantic -Wshadow -ansi -I/ECEN5813/Project2/CUnit/CUnit-2.1-3/CUnit/Headers -std=c99  conftest.c >&5
configure:7730: $? = 0
configure:7730: result: yes
configure:7730: checking for sys/stat.h
configure:7730: gcc -c  -DRELEASE=@RELEASE@ -Wall -W -pedantic -Wshadow -ansi -I/ECEN5813/Project2/CUnit/CUnit-2.1-3/CUnit/Headers -std=c99  conftest.c >&5
configure:7730: $? = 0
configure:7730: result: yes
configure:7730: checking for stdlib.h
configure:7730: gcc -c  -DRELEASE=@RELEASE@ -Wall -W -pedantic -Wshadow -ansi -I/ECEN5813/Project2/CUnit/CUnit-2.1-3/CUnit/Headers -std=c99  conftest.c >&5
configure:7730: $? = 0
configure:7730: result: yes
configure:7730: checking for string.h
configure:7730: gcc -c  -DRELEASE=@RELEASE@ -Wall -W -pedantic -Wshadow -ansi -I/ECEN5813/Project2/CUnit/CUnit-2.1-3/CUnit/Headers -std=c99  conftest.c >&5
configure:7730: $? = 0
configure:7730: result: yes
configure:7730: checking for memory.h
configure:7730: gcc -c  -DRELEASE=@RELEASE@ -Wall -W -pedantic -Wshadow -ansi -I/ECEN5813/Project2/CUnit/CUnit-2.1-3/CUnit/Headers -std=c99  conftest.c >&5
configure:7730: $? = 0
configure:7730: result: yes
configure:7730: checking for strings.h
configure:7730: gcc -c  -DRELEASE=@RELEASE@ -Wall -W -pedantic -Wshadow -ansi -I/ECEN5813/Project2/CUnit/CUnit-2.1-3/CUnit/Headers -std=c99  conftest.c >&5
configure:7730: $? = 0
configure:7730: result: yes
configure:7730: checking for inttypes.h
configure:7730: gcc -c  -DRELEASE=@RELEASE@ -Wall -W -pedantic -Wshadow -ansi -I/ECEN5813/Project2/CUnit/CUnit-2.1-3/CUnit/Headers -std=c99  conftest.c >&5
configure:7730: $? = 0
configure:7730: result: yes
configure:7730: checking for stdint.h
configure:7730: gcc -c  -DRELEASE=@RELEASE@ -Wall -W -pedantic -Wshadow -ansi -I/ECEN5813/Project2/CUnit/CUnit-2.1-3/CUnit/Headers -std=c99  conftest.c >&5
configure:7730: $? = 0
configure:7730: result: yes
configure:7730: checking for unistd.h
configure:7730: gcc -c  -DRELEASE=@RELEASE@ -Wall -W -pedantic -Wshadow -ansi -I/ECEN5813/Project2/CUnit/CUnit-2.1-3/CUnit/Headers -std=c99  conftest.c >&5
configure:7730: $? = 0
configure:7730: result: yes
configure:7744: checking for dlfcn.h
configure:7744: gcc -c  -DRELEASE=@RELEASE@ -Wall -W -pedantic -Wshadow -ansi -I/ECEN5813/Project2/CUnit/CUnit-2.1-3/CUnit/Headers -std=c99  conftest.c >&5
configure:7744: $? = 0
configure:7744: result: yes
configure:8000: checking for objdir
configure:8015: result: .libs
configure:8275: checking if gcc supports -fno-rtti -fno-exceptions
configure:8293: gcc -c  -DRELEASE=@RELEASE@ -Wall -W -pedantic -Wshadow -ansi -I/ECEN5813/Project2/CUnit/CUnit-2.1-3/CUnit/Headers -std=c99  -fno-rtti -fno-exceptions conftest.c >&5
cc1: warning: command line option '-fno-rtti' is valid for C++/ObjC++ but not for C
configure:8297: $? = 0
configure:8310: result: no
configure:8668: checking for gcc option to produce PIC
configure:8675: result: -DDLL_EXPORT -DPIC
configure:8683: checking if gcc PIC flag -DDLL_EXPORT -DPIC works
configure:8701: gcc -c  -DRELEASE=@RELEASE@ -Wall -W -pedantic -Wshadow -ansi -I/ECEN5813/Project2/CUnit/CUnit-2.1-3/CUnit/Headers -std=c99  -DDLL_EXPORT -DPIC -DPIC conftest.c >&5
configure:8705: $? = 0
configure:8718: result: yes
configure:8747: checking if gcc static flag -static works
configure:8775: result: yes
configure:8790: checking if gcc supports -c -o file.o
configure:8811: gcc -c  -DRELEASE=@RELEASE@ -Wall -W -pedantic -Wshadow -ansi -I/ECEN5813/Project2/CUnit/CUnit-2.1-3/CUnit/Headers -std=c99  -o out/conftest2.o conftest.c >&5
configure:8815: $? = 0
configure:8837: result: yes
configure:8845: checking if gcc supports -c -o file.o
configure:8892: result: yes
configure:8925: checking whether the gcc linker (/usr/x86_64-pc-cygwin/bin/ld.exe) supports shared libraries
configure:10184: result: yes
configure:10221: checking whether -lc should be explicitly linked in
configure:10229: gcc -c  -DRELEASE=@RELEASE@ -Wall -W -pedantic -Wshadow -ansi -I/ECEN5813/Project2/CUnit/CUnit-2.1-3/CUnit/Headers -std=c99  conftest.c >&5
configure:10232: $? = 0
configure:10247: gcc -shared conftest.o  -v -o ./conftest -Wl,--enable-auto-image-base -Xlinker --out-implib -Xlinker conftest 2\>\&1 \| /usr/bin/grep  -lc  \>/dev/null 2\>\&1
configure:10250: $? = 1
configure:10264: result: yes
configure:10424: checking dynamic linker characteristics
configure:11242: result: Win32 ld.exe
configure:11364: checking how to hardcode library paths into programs
configure:11389: result: immediate
configure:11937: checking whether stripping libraries is possible
configure:11942: result: yes
configure:11977: checking if libtool supports shared libraries
configure:11979: result: yes
configure:11982: checking whether to build shared libraries
configure:12007: result: yes
configure:12010: checking whether to build static libraries
configure:12014: result: yes
configure:12052: checking for main in -lc
configure:12071: gcc -o conftest.exe  -DRELEASE=@RELEASE@ -Wall -W -pedantic -Wshadow -ansi -I/ECEN5813/Project2/CUnit/CUnit-2.1-3/CUnit/Headers -std=c99   -L/ECEN5813/Project2/CUnit/CUnit-2.1-3/CUnit/Sources conftest.c -lc   >&5
configure:12071: $? = 0
configure:12080: result: yes
configure:12197: checking for malloc
configure:12197: gcc -o conftest.exe  -DRELEASE=@RELEASE@ -Wall -W -pedantic -Wshadow -ansi -I/ECEN5813/Project2/CUnit/CUnit-2.1-3/CUnit/Headers -std=c99   -L/ECEN5813/Project2/CUnit/CUnit-2.1-3/CUnit/Sources conftest.c -lc  >&5
conftest.c:47:6: warning: conflicting types for built-in function 'malloc' [-Wbuiltin-declaration-mismatch]
 char malloc ();
      ^~~~~~
configure:12197: $? = 0
configure:12197: result: yes
configure:12204: checking for free
configure:12204: gcc -o conftest.exe  -DRELEASE=@RELEASE@ -Wall -W -pedantic -Wshadow -ansi -I/ECEN5813/Project2/CUnit/CUnit-2.1-3/CUnit/Headers -std=c99   -L/ECEN5813/Project2/CUnit/CUnit-2.1-3/CUnit/Sources conftest.c -lc  >&5
conftest.c:47:6: warning: conflicting types for built-in function 'free' [-Wbuiltin-declaration-mismatch]
 char free ();
      ^~~~
configure:12204: $? = 0
configure:12204: result: yes
configure:12211: checking for calloc
configure:12211: gcc -o conftest.exe  -DRELEASE=@RELEASE@ -Wall -W -pedantic -Wshadow -ansi -I/ECEN5813/Project2/CUnit/CUnit-2.1-3/CUnit/Headers -std=c99   -L/ECEN5813/Project2/CUnit/CUnit-2.1-3/CUnit/Sources conftest.c -lc  >&5
conftest.c:47:6: warning: conflicting types for built-in function 'calloc' [-Wbuiltin-declaration-mismatch]
 char calloc ();
      ^~~~~~
configure:12211: $? = 0
configure:12211: result: yes
configure:12218: checking for realloc
configure:12218: gcc -o conftest.exe  -DRELEASE=@RELEASE@ -Wall -W -pedantic -Wshadow -ansi -I/ECEN5813/Project2/CUnit/CUnit-2.1-3/CUnit/Headers -std=c99   -L/ECEN5813/Project2/CUnit/CUnit-2.1-3/CUnit/Sources conftest.c -lc  >&5
conftest.c:47:6: warning: conflicting types for built-in function 'realloc' [-Wbuiltin-declaration-mismatch]
 char realloc ();
      ^~~~~~~
configure:12218: $? = 0
configure:12218: result: yes
configure:12226: checking for strcpy
configure:12226: gcc -o conftest.exe  -DRELEASE=@RELEASE@ -Wall -W -pedantic -Wshadow -ansi -I/ECEN5813/Project2/CUnit/CUnit-2.1-3/CUnit/Headers -std=c99   -L/ECEN5813/Project2/CUnit/CUnit-2.1-3/CUnit/Sources conftest.c -lc  >&5
conftest.c:47:6: warning: conflicting types for built-in function 'strcpy' [-Wbuiltin-declaration-mismatch]
 char strcpy ();
      ^~~~~~
configure:12226: $? = 0
configure:12226: result: yes
configure:12233: checking for strerror
configure:12233: gcc -o conftest.exe  -DRELEASE=@RELEASE@ -Wall -W -pedantic -Wshadow -ansi -I/ECEN5813/Project2/CUnit/CUnit-2.1-3/CUnit/Headers -std=c99   -L/ECEN5813/Project2/CUnit/CUnit-2.1-3/CUnit/Sources conftest.c -lc  >&5
configure:12233: $? = 0
configure:12233: result: yes
configure:12241: checking for fopen
configure:12241: gcc -o conftest.exe  -DRELEASE=@RELEASE@ -Wall -W -pedantic -Wshadow -ansi -I/ECEN5813/Project2/CUnit/CUnit-2.1-3/CUnit/Headers -std=c99   -L/ECEN5813/Project2/CUnit/CUnit-2.1-3/CUnit/Sources conftest.c -lc  >&5
configure:12241: $? = 0
configure:12241: result: yes
configure:12248: checking for fclose
configure:12248: gcc -o conftest.exe  -DRELEASE=@RELEASE@ -Wall -W -pedantic -Wshadow -ansi -I/ECEN5813/Project2/CUnit/CUnit-2.1-3/CUnit/Headers -std=c99   -L/ECEN5813/Project2/CUnit/CUnit-2.1-3/CUnit/Sources conftest.c -lc  >&5
configure:12248: $? = 0
configure:12248: result: yes
configure:12255: checking for fprintf
configure:12255: gcc -o conftest.exe  -DRELEASE=@RELEASE@ -Wall -W -pedantic -Wshadow -ansi -I/ECEN5813/Project2/CUnit/CUnit-2.1-3/CUnit/Headers -std=c99   -L/ECEN5813/Project2/CUnit/CUnit-2.1-3/CUnit/Sources conftest.c -lc  >&5
conftest.c:47:6: warning: conflicting types for built-in function 'fprintf' [-Wbuiltin-declaration-mismatch]
 char fprintf ();
      ^~~~~~~
configure:12255: $? = 0
configure:12255: result: yes
configure:12262: checking for snprintf
configure:12262: gcc -o conftest.exe  -DRELEASE=@RELEASE@ -Wall -W -pedantic -Wshadow -ansi -I/ECEN5813/Project2/CUnit/CUnit-2.1-3/CUnit/Headers -std=c99   -L/ECEN5813/Project2/CUnit/CUnit-2.1-3/CUnit/Sources conftest.c -lc  >&5
conftest.c:47:6: warning: conflicting types for built-in function 'snprintf' [-Wbuiltin-declaration-mismatch]
 char snprintf ();
      ^~~~~~~~
configure:12262: $? = 0
configure:12262: result: yes
configure:12269: checking for setvbuf
configure:12269: gcc -o conftest.exe  -DRELEASE=@RELEASE@ -Wall -W -pedantic -Wshadow -ansi -I/ECEN5813/Project2/CUnit/CUnit-2.1-3/CUnit/Headers -std=c99   -L/ECEN5813/Project2/CUnit/CUnit-2.1-3/CUnit/Sources conftest.c -lc  >&5
configure:12269: $? = 0
configure:12269: result: yes
configure:12277: checking for time
configure:12277: gcc -o conftest.exe  -DRELEASE=@RELEASE@ -Wall -W -pedantic -Wshadow -ansi -I/ECEN5813/Project2/CUnit/CUnit-2.1-3/CUnit/Headers -std=c99   -L/ECEN5813/Project2/CUnit/CUnit-2.1-3/CUnit/Sources conftest.c -lc  >&5
configure:12277: $? = 0
configure:12277: result: yes
configure:12284: checking for ctime
configure:12284: gcc -o conftest.exe  -DRELEASE=@RELEASE@ -Wall -W -pedantic -Wshadow -ansi -I/ECEN5813/Project2/CUnit/CUnit-2.1-3/CUnit/Headers -std=c99   -L/ECEN5813/Project2/CUnit/CUnit-2.1-3/CUnit/Sources conftest.c -lc  >&5
configure:12284: $? = 0
configure:12284: result: yes
configure:12292: checking for ANSI C header files
configure:12396: result: yes
configure:12406: checking assert.h usability
configure:12406: gcc -c  -DRELEASE=@RELEASE@ -Wall -W -pedantic -Wshadow -ansi -I/ECEN5813/Project2/CUnit/CUnit-2.1-3/CUnit/Headers -std=c99  conftest.c >&5
configure:12406: $? = 0
configure:12406: result: yes
configure:12406: checking assert.h presence
configure:12406: gcc -E  conftest.c
configure:12406: $? = 0
configure:12406: result: yes
configure:12406: checking for assert.h
configure:12406: result: yes
configure:12418: checking ctype.h usability
configure:12418: gcc -c  -DRELEASE=@RELEASE@ -Wall -W -pedantic -Wshadow -ansi -I/ECEN5813/Project2/CUnit/CUnit-2.1-3/CUnit/Headers -std=c99  conftest.c >&5
configure:12418: $? = 0
configure:12418: result: yes
configure:12418: checking ctype.h presence
configure:12418: gcc -E  conftest.c
configure:12418: $? = 0
configure:12418: result: yes
configure:12418: checking for ctype.h
configure:12418: result: yes
configure:12430: checking math.h usability
configure:12430: gcc -c  -DRELEASE=@RELEASE@ -Wall -W -pedantic -Wshadow -ansi -I/ECEN5813/Project2/CUnit/CUnit-2.1-3/CUnit/Headers -std=c99  conftest.c >&5
configure:12430: $? = 0
configure:12430: result: yes
configure:12430: checking math.h presence
configure:12430: gcc -E  conftest.c
configure:12430: $? = 0
configure:12430: result: yes
configure:12430: checking for math.h
configure:12430: result: yes
configure:12442: checking file.h usability
configure:12442: gcc -c  -DRELEASE=@RELEASE@ -Wall -W -pedantic -Wshadow -ansi -I/ECEN5813/Project2/CUnit/CUnit-2.1-3/CUnit/Headers -std=c99  conftest.c >&5
conftest.c:61:10: fatal error: file.h: No such file or directory
 #include <file.h>
          ^~~~~~~~
compilation terminated.
configure:12442: $? = 1
configure: failed program was:
| /* confdefs.h */
| #define PACKAGE_NAME "CUnit"
| #define PACKAGE_TARNAME "cunit"
| #define PACKAGE_VERSION "2.1-3"
| #define PACKAGE_STRING "CUnit 2.1-3"
| #define PACKAGE_BUGREPORT ""
| #define PACKAGE_URL ""
| #define PACKAGE "CUnit"
| #define VERSION "2.1-3"
| #define STDC_HEADERS 1
| #define HAVE_SYS_TYPES_H 1
| #define HAVE_SYS_STAT_H 1
| #define HAVE_STDLIB_H 1
| #define HAVE_STRING_H 1
| #define HAVE_MEMORY_H 1
| #define HAVE_STRINGS_H 1
| #define HAVE_INTTYPES_H 1
| #define HAVE_STDINT_H 1
| #define HAVE_UNISTD_H 1
| #define HAVE_DLFCN_H 1
| #define LT_OBJDIR ".libs/"
| #define HAVE_LIBC 1
| #define STDC_HEADERS 1
| #define HAVE_ASSERT_H 1
| #define HAVE_CTYPE_H 1
| #define HAVE_MATH_H 1
| /* end confdefs.h.  */
| #include <stdio.h>
| #ifdef HAVE_SYS_TYPES_H
| # include <sys/types.h>
| #endif
| #ifdef HAVE_SYS_STAT_H
| # include <sys/stat.h>
| #endif
| #ifdef STDC_HEADERS
| # include <stdlib.h>
| # include <stddef.h>
| #else
| # ifdef HAVE_STDLIB_H
| #  include <stdlib.h>
| # endif
| #endif
| #ifdef HAVE_STRING_H
| # if !defined STDC_HEADERS && defined HAVE_MEMORY_H
| #  include <memory.h>
| # endif
| # include <string.h>
| #endif
| #ifdef HAVE_STRINGS_H
| # include <strings.h>
| #endif
| #ifdef HAVE_INTTYPES_H
| # include <inttypes.h>
| #endif
| #ifdef HAVE_STDINT_H
| # include <stdint.h>
| #endif
| #ifdef HAVE_UNISTD_H
| # include <unistd.h>
| #endif
| #include <file.h>
configure:12442: result: no
configure:12442: checking file.h presence
configure:12442: gcc -E  conftest.c
conftest.c:28:10: fatal error: file.h: No such file or directory
 #include <file.h>
          ^~~~~~~~
compilation terminated.
configure:12442: $? = 1
configure: failed program was:
| /* confdefs.h */
| #define PACKAGE_NAME "CUnit"
| #define PACKAGE_TARNAME "cunit"
| #define PACKAGE_VERSION "2.1-3"
| #define PACKAGE_STRING "CUnit 2.1-3"
| #define PACKAGE_BUGREPORT ""
| #define PACKAGE_URL ""
| #define PACKAGE "CUnit"
| #define VERSION "2.1-3"
| #define STDC_HEADERS 1
| #define HAVE_SYS_TYPES_H 1
| #define HAVE_SYS_STAT_H 1
| #define HAVE_STDLIB_H 1
| #define HAVE_STRING_H 1
| #define HAVE_MEMORY_H 1
| #define HAVE_STRINGS_H 1
| #define HAVE_INTTYPES_H 1
| #define HAVE_STDINT_H 1
| #define HAVE_UNISTD_H 1
| #define HAVE_DLFCN_H 1
| #define LT_OBJDIR ".libs/"
| #define HAVE_LIBC 1
| #define STDC_HEADERS 1
| #define HAVE_ASSERT_H 1
| #define HAVE_CTYPE_H 1
| #define HAVE_MATH_H 1
| /* end confdefs.h.  */
| #include <file.h>
configure:12442: result: no
configure:12442: checking for file.h
configure:12442: result: no
configure:12454: checking stdio.h usability
configure:12454: gcc -c  -DRELEASE=@RELEASE@ -Wall -W -pedantic -Wshadow -ansi -I/ECEN5813/Project2/CUnit/CUnit-2.1-3/CUnit/Headers -std=c99  conftest.c >&5
configure:12454: $? = 0
configure:12454: result: yes
configure:12454: checking stdio.h presence
configure:12454: gcc -E  conftest.c
configure:12454: $? = 0
configure:12454: result: yes
configure:12454: checking for stdio.h
configure:12454: result: yes
configure:12466: checking for stdlib.h
configure:12466: result: yes
configure:12478: checking for string.h
configure:12478: result: yes
configure:12492: checking for an ANSI C-conforming const
configure:12558: gcc -c  -DRELEASE=@RELEASE@ -Wall -W -pedantic -Wshadow -ansi -I/ECEN5813/Project2/CUnit/CUnit-2.1-3/CUnit/Headers -std=c99  conftest.c >&5
configure:12558: $? = 0
configure:12565: result: yes
configure:12710: checking that generated files are newer than configure
configure:12716: result: done
configure:12763: creating ./config.status

## ---------------------- ##
## Running config.status. ##
## ---------------------- ##

This file was extended by CUnit config.status 2.1-3, which was
generated by GNU Autoconf 2.69.  Invocation command line was

  CONFIG_FILES    = 
  CONFIG_HEADERS  = 
  CONFIG_LINKS    = 
  CONFIG_COMMANDS = 
  $ ./config.status 

on Sean

config.status:1153: creating Jamrules
config.status:1153: creating Makefile
config.status:1153: creating CUnit.spec
config.status:1153: creating cunit.pc
config.status:1153: creating CUnit/Makefile
config.status:1153: creating CUnit/Headers/Makefile
config.status:1153: creating CUnit/Headers/CUnit.h
config.status:1153: creating CUnit/Sources/Makefile
config.status:1153: creating CUnit/Sources/Framework/Makefile
config.status:1153: creating CUnit/Sources/Automated/Makefile
config.status:1153: creating CUnit/Sources/Basic/Makefile
config.status:1153: creating CUnit/Sources/Console/Makefile
config.status:1153: creating CUnit/Sources/Curses/Makefile
config.status:1153: creating CUnit/Sources/Test/Makefile
config.status:1153: creating doc/Makefile
config.status:1153: creating doc/headers/Makefile
config.status:1153: creating Examples/Makefile
config.status:1153: creating Examples/AutomatedTest/Makefile
config.status:1153: creating Examples/BasicTest/Makefile
config.status:1153: creating Examples/ConsoleTest/Makefile
config.status:1153: creating Examples/CursesTest/Makefile
config.status:1153: creating Man/Makefile
config.status:1153: creating Man/man3/Makefile
config.status:1153: creating Share/Makefile
config.status:1153: creating config.h
config.status:1334: config.h is unchanged
config.status:1382: executing depfiles commands
config.status:1382: executing libtool commands

## ---------------- ##
## Cache variables. ##
## ---------------- ##

ac_cv_build=x86_64-unknown-cygwin
ac_cv_c_compiler_gnu=yes
ac_cv_c_const=yes
ac_cv_env_CC_set=
ac_cv_env_CC_value=
ac_cv_env_CFLAGS_set=
ac_cv_env_CFLAGS_value=
ac_cv_env_CPPFLAGS_set=
ac_cv_env_CPPFLAGS_value=
ac_cv_env_CPP_set=
ac_cv_env_CPP_value=
ac_cv_env_LDFLAGS_set=
ac_cv_env_LDFLAGS_value=
ac_cv_env_LIBS_set=
ac_cv_env_LIBS_value=
ac_cv_env_LT_SYS_LIBRARY_PATH_set=
ac_cv_env_LT_SYS_LIBRARY_PATH_value=
ac_cv_env_build_alias_set=
ac_cv_env_build_alias_value=
ac_cv_env_host_alias_set=
ac_cv_env_host_alias_value=
ac_cv_env_target_alias_set=
ac_cv_env_target_alias_value=
ac_cv_exeext=.exe
ac_cv_func_calloc=yes
ac_cv_func_ctime=yes
ac_cv_func_fclose=yes
ac_cv_func_fopen=yes
ac_cv_func_fprintf=yes
ac_cv_func_free=yes
ac_cv_func_malloc=yes
ac_cv_func_realloc=yes
ac_cv_func_setvbuf=yes
ac_cv_func_snprintf=yes
ac_cv_func_strcpy=yes
ac_cv_func_strerror=yes
ac_cv_func_time=yes
ac_cv_header_assert_h=yes
ac_cv_header_ctype_h=yes
ac_cv_header_dlfcn_h=yes
ac_cv_header_file_h=no
ac_cv_header_inttypes_h=yes
ac_cv_header_math_h=yes
ac_cv_header_memory_h=yes
ac_cv_header_stdc=yes
ac_cv_header_stdint_h=yes
ac_cv_header_stdio_h=yes
ac_cv_header_stdlib_h=yes
ac_cv_header_string_h=yes
ac_cv_header_strings_h=yes
ac_cv_header_sys_stat_h=yes
ac_cv_header_sys_types_h=yes
ac_cv_header_unistd_h=yes
ac_cv_host=x86_64-unknown-cygwin
ac_cv_lib_c_main=yes
ac_cv_objext=o
ac_cv_path_EGREP='/usr/bin/grep -E'
ac_cv_path_FGREP='/usr/bin/grep -F'
ac_cv_path_GREP=/usr/bin/grep
ac_cv_path_SED=/usr/bin/sed
ac_cv_path_install='/usr/bin/install -c'
ac_cv_path_lt_DD=/usr/bin/dd
ac_cv_path_mkdir=/usr/bin/mkdir
ac_cv_prog_AWK=gawk
ac_cv_prog_CPP='gcc -E'
ac_cv_prog_ac_ct_AR=ar
ac_cv_prog_ac_ct_CC=gcc
ac_cv_prog_ac_ct_DLLTOOL=dlltool
ac_cv_prog_ac_ct_OBJDUMP=objdump
ac_cv_prog_ac_ct_RANLIB=ranlib
ac_cv_prog_ac_ct_STRIP=strip
ac_cv_prog_cc_c89=
ac_cv_prog_cc_g=yes
ac_cv_prog_make_make_set=yes
am_cv_CC_dependencies_compiler_type=gcc3
lt_cv_ar_at_file=@
lt_cv_archive_cmds_need_lc=yes
lt_cv_deplibs_check_method='file_magic ^x86 archive import|^x86 DLL'
lt_cv_file_magic_cmd=func_win32_libid
lt_cv_file_magic_test_file=
lt_cv_ld_reload_flag=-r
lt_cv_nm_interface='BSD nm'
lt_cv_objdir=.libs
lt_cv_path_LD=/usr/x86_64-pc-cygwin/bin/ld.exe
lt_cv_path_NM='/usr/bin/nm -B'
lt_cv_path_mainfest_tool=no
lt_cv_prog_compiler_c_o=yes
lt_cv_prog_compiler_pic='-DDLL_EXPORT -DPIC'
lt_cv_prog_compiler_pic_works=yes
lt_cv_prog_compiler_rtti_exceptions=no
lt_cv_prog_compiler_static_works=yes
lt_cv_prog_gnu_ld=yes
lt_cv_sharedlib_from_linklib_cmd=func_cygming_dll_for_implib
lt_cv_sys_global_symbol_pipe='sed -n -e '\''s/^.*[	 ]\([ABCDGIRSTW][ABCDGIRSTW]*\)[	 ][	 ]*\([_A-Za-z][_A-Za-z0-9]*\)$/\1 \2 \2/p'\'' | sed '\''/ __gnu_lto/d'\'''
lt_cv_sys_global_symbol_to_c_name_address='sed -n -e '\''s/^: \(.*\) .*$/  {"\1", (void *) 0},/p'\'' -e '\''s/^[ABCDGIRSTW][ABCDGIRSTW]* .* \(.*\)$/  {"\1", (void *) \&\1},/p'\'''
lt_cv_sys_global_symbol_to_c_name_address_lib_prefix='sed -n -e '\''s/^: \(.*\) .*$/  {"\1", (void *) 0},/p'\'' -e '\''s/^[ABCDGIRSTW][ABCDGIRSTW]* .* \(lib.*\)$/  {"\1", (void *) \&\1},/p'\'' -e '\''s/^[ABCDGIRSTW][ABCDGIRSTW]* .* \(.*\)$/  {"lib\1", (void *) \&\1},/p'\'''
lt_cv_sys_global_symbol_to_cdecl='sed -n -e '\''s/^T .* \(.*\)$/extern int \1();/p'\'' -e '\''s/^[ABCDGIRSTW][ABCDGIRSTW]* .* \(.*\)$/extern char \1;/p'\'''
lt_cv_sys_global_symbol_to_import=
lt_cv_sys_max_cmd_len=8192
lt_cv_to_host_file_cmd=func_convert_file_noop
lt_cv_to_tool_file_cmd=func_convert_file_noop
lt_cv_truncate_bin='/usr/bin/dd bs=4096 count=1'

## ----------------- ##
## Output variables. ##
## ----------------- ##

ACLOCAL='${SHELL} /ECEN5813/Project2/CUnit/CUnit-2.1-3/missing --run aclocal-1.12'
AMDEPBACKSLASH='\'
AMDEP_FALSE='#'
AMDEP_TRUE=''
AMTAR='$${TAR-tar}'
AR='ar'
AUTOCONF='${SHELL} /ECEN5813/Project2/CUnit/CUnit-2.1-3/missing --run autoconf'
AUTOHEADER='${SHELL} /ECEN5813/Project2/CUnit/CUnit-2.1-3/missing --run autoheader'
AUTOMAKE='${SHELL} /ECEN5813/Project2/CUnit/CUnit-2.1-3/missing --run automake-1.12'
AWK='gawk'
BUILD_AUTOMATED='TRUE'
BUILD_BASIC='TRUE'
BUILD_CONSOLE='TRUE'
BUILD_CURSES='FALSE'
BUILD_EXAMPLES='FALSE'
BUILD_TEST='FALSE'
CC='gcc'
CCDEPMODE='depmode=gcc3'
CFLAGS=' -DRELEASE=@RELEASE@ -Wall -W -pedantic -Wshadow -ansi -I/ECEN5813/Project2/CUnit/CUnit-2.1-3/CUnit/Headers -std=c99'
CPP='gcc -E'
CPPFLAGS=''
CURSES_LIB=''
CYGPATH_W='cygpath -w'
DEFS='-DHAVE_CONFIG_H'
DEPDIR='.deps'
DLLTOOL='dlltool'
DSYMUTIL=''
DUMPBIN=''
ECHO_C=''
ECHO_N='-n'
ECHO_T=''
EGREP='/usr/bin/grep -E'
ENABLE_AUTOMATED_FALSE='#'
ENABLE_AUTOMATED_TRUE=''
ENABLE_BASIC_FALSE='#'
ENABLE_BASIC_TRUE=''
ENABLE_CONSOLE_FALSE='#'
ENABLE_CONSOLE_TRUE=''
ENABLE_CURSES_FALSE=''
ENABLE_CURSES_TRUE='#'
ENABLE_DEBUG='FALSE'
ENABLE_DEPRECATED='FALSE'
ENABLE_EXAMPLES_FALSE=''
ENABLE_EXAMPLES_TRUE='#'
ENABLE_MEMTRACE='FALSE'
ENABLE_TEST_FALSE=''
ENABLE_TEST_TRUE='#'
EXEEXT='.exe'
FGREP='/usr/bin/grep -F'
GREP='/usr/bin/grep'
INSTALL_DATA='${INSTALL} -m 644'
INSTALL_PROGRAM='${INSTALL}'
INSTALL_SCRIPT='${INSTALL}'
INSTALL_STRIP_PROGRAM='$(install_sh) -c -s'
LD='/usr/x86_64-pc-cygwin/bin/ld.exe'
LDFLAGS=' -L/ECEN5813/Project2/CUnit/CUnit-2.1-3/CUnit/Sources'
LIBOBJS=''
LIBS='-lc '
LIBTOOL='$(SHELL) $(top_builddir)/libtool'
LIBTOOL_AGE='0'
LIBTOOL_CURRENT='1'
LIBTOOL_REVISION='1'
LIBTOOL_SUFFIX1='1'
LIBTOOL_SUFFIX='1.0.1'
LIPO=''
LN_S='ln -s'
LTLIBOBJS=''
LT_SYS_LIBRARY_PATH=''
MAKEINFO='${SHELL} /ECEN5813/Project2/CUnit/CUnit-2.1-3/missing --run makeinfo'
MANIFEST_TOOL=':'
MKDIR_P='/usr/bin/mkdir -p'
NM='/usr/bin/nm -B'
NMEDIT=''
OBJDUMP='objdump'
OBJEXT='o'
OTOOL64=''
OTOOL=''
PACKAGE='CUnit'
PACKAGE_BUGREPORT=''
PACKAGE_NAME='CUnit'
PACKAGE_STRING='CUnit 2.1-3'
PACKAGE_TARNAME='cunit'
PACKAGE_URL=''
PACKAGE_VERSION='2.1-3'
PATH_SEPARATOR=':'
RANLIB='ranlib'
RELEASE='3'
SED='/usr/bin/sed'
SET_MAKE=''
SHELL='/bin/sh'
STRIP='strip'
VERSION='2.1'
VERSION_MAJOR='2'
VERSION_MINOR='1'
ac_ct_AR='ar'
ac_ct_CC='gcc'
ac_ct_DUMPBIN=''
am__EXEEXT_FALSE='#'
am__EXEEXT_TRUE=''
am__fastdepCC_FALSE='#'
am__fastdepCC_TRUE=''
am__include='include'
am__isrc=''
am__leading_dot='.'
am__nodep='_no'
am__quote=''
am__tar='$${TAR-tar} chof - "$$tardir"'
am__untar='$${TAR-tar} xf -'
bindir='${exec_prefix}/bin'
build='x86_64-unknown-cygwin'
build_alias=''
build_cpu='x86_64'
build_os='cygwin'
build_vendor='unknown'
datadir='${datarootdir}'
datarootdir='${prefix}/share'
docdir='${datarootdir}/doc/${PACKAGE_TARNAME}'
dvidir='${docdir}'
exec_prefix='${prefix}'
host='x86_64-unknown-cygwin'
host_alias=''
host_cpu='x86_64'
host_os='cygwin'
host_vendor='unknown'
htmldir='${docdir}'
includedir='${prefix}/include'
infodir='${datarootdir}/info'
install_sh='${SHELL} /ECEN5813/Project2/CUnit/CUnit-2.1-3/install-sh'
libdir='${exec_prefix}/lib'
libexecdir='${exec_prefix}/libexec'
localedir='${datarootdir}/locale'
localstatedir='${prefix}/var'
mandir='${datarootdir}/man'
mkdir_p='$(MKDIR_P)'
oldincludedir='/usr/include'
pdfdir='${docdir}'
prefix='/usr/local'
program_transform_name='s,x,x,'
psdir='${docdir}'
sbindir='${exec_prefix}/sbin'
sharedstatedir='${prefix}/com'
sysconfdir='${prefix}/etc'
target_alias=''

## ----------- ##
## confdefs.h. ##
## ----------- ##

/* confdefs.h */
#define PACKAGE_NAME "CUnit"
#define PACKAGE_TARNAME "cunit"
#define PACKAGE_VERSION "2.1-3"
#define PACKAGE_STRING "CUnit 2.1-3"
#define PACKAGE_BUGREPORT ""
#define PACKAGE_URL ""
#define PACKAGE "CUnit"
#define VERSION "2.1-3"
#define STDC_HEADERS 1
#define HAVE_SYS_TYPES_H 1
#define HAVE_SYS_STAT_H 1
#define HAVE_STDLIB_H 1
#define HAVE_STRING_H 1
#define HAVE_MEMORY_H 1
#define HAVE_STRINGS_H 1
#define HAVE_INTTYPES_H 1
#define HAVE_STDINT_H 1
#define HAVE_UNISTD_H 1
#define HAVE_DLFCN_H 1
#define LT_OBJDIR ".libs/"
#define HAVE_LIBC 1
#define STDC_HEADERS 1
#define HAVE_ASSERT_H 1
#define HAVE_CTYPE_H 1
#define HAVE_MATH_H 1
#define HAVE_STDIO_H 1
#define HAVE_STDLIB_H 1
#define HAVE_STRING_H 1

configure: exit 0
